[debug] [2022-09-07T17:28:16.774Z] ----------------------------------------------------------------------
[debug] [2022-09-07T17:28:16.775Z] Command:       C:\Program Files\nodejs\node.exe C:\Program Files\nodejs\node_modules\firebase-tools\lib\bin\firebase.js init
[debug] [2022-09-07T17:28:16.776Z] CLI Version:   11.0.1
[debug] [2022-09-07T17:28:16.776Z] Platform:      win32
[debug] [2022-09-07T17:28:16.776Z] Node Version:  v16.15.1
[debug] [2022-09-07T17:28:16.777Z] Time:          Wed Sep 07 2022 19:28:16 GMT+0200 (centraleuropeisk sommartid)
[debug] [2022-09-07T17:28:16.777Z] ----------------------------------------------------------------------
[debug] 
[debug] [2022-09-07T17:28:16.829Z] > command requires scopes: ["email","openid","https://www.googleapis.com/auth/cloudplatformprojects.readonly","https://www.googleapis.com/auth/firebase","https://www.googleapis.com/auth/cloud-platform"]
[debug] [2022-09-07T17:28:16.830Z] > authorizing via signed-in user (parham.gitijah@gmail.com)
[info] 
     ######## #### ########  ######## ########     ###     ######  ########
     ##        ##  ##     ## ##       ##     ##  ##   ##  ##       ##
     ######    ##  ########  ######   ########  #########  ######  ######
     ##        ##  ##    ##  ##       ##     ## ##     ##       ## ##
     ##       #### ##     ## ######## ########  ##     ##  ######  ########

You're about to initialize a Firebase project in this directory:

  C:\Github\MafiaHami\Mafia-hami

Before we get started, keep in mind:

  * You are currently outside your home directory
  * You are initializing within an existing Firebase project directory

